{"/home/user/batwoman/utils/apiClient.ts": {"path":"/home/user/batwoman/utils/apiClient.ts","all":false,"statementMap":{"0":{"start":{"line":1,"column":0},"end":{"line":1,"column":3}},"16":{"start":{"line":17,"column":0},"end":{"line":17,"column":43}},"17":{"start":{"line":18,"column":0},"end":{"line":18,"column":16}},"18":{"start":{"line":19,"column":0},"end":{"line":19,"column":30}},"19":{"start":{"line":20,"column":0},"end":{"line":20,"column":32}},"20":{"start":{"line":21,"column":0},"end":{"line":21,"column":2}},"25":{"start":{"line":26,"column":0},"end":{"line":26,"column":73}},"26":{"start":{"line":27,"column":0},"end":{"line":27,"column":36}},"27":{"start":{"line":28,"column":0},"end":{"line":28,"column":44}},"28":{"start":{"line":29,"column":0},"end":{"line":29,"column":19}},"29":{"start":{"line":30,"column":0},"end":{"line":30,"column":4}},"31":{"start":{"line":32,"column":0},"end":{"line":32,"column":50}},"32":{"start":{"line":33,"column":0},"end":{"line":33,"column":35}},"33":{"start":{"line":34,"column":0},"end":{"line":34,"column":1}},"38":{"start":{"line":39,"column":0},"end":{"line":39,"column":55}},"40":{"start":{"line":41,"column":0},"end":{"line":41,"column":24}},"41":{"start":{"line":42,"column":0},"end":{"line":42,"column":16}},"42":{"start":{"line":43,"column":0},"end":{"line":43,"column":3}},"45":{"start":{"line":46,"column":0},"end":{"line":46,"column":39}},"46":{"start":{"line":47,"column":0},"end":{"line":47,"column":41}},"47":{"start":{"line":48,"column":0},"end":{"line":48,"column":1}},"52":{"start":{"line":53,"column":0},"end":{"line":53,"column":43}},"53":{"start":{"line":54,"column":0},"end":{"line":54,"column":68}},"54":{"start":{"line":55,"column":0},"end":{"line":55,"column":1}},"59":{"start":{"line":60,"column":0},"end":{"line":60,"column":102}},"60":{"start":{"line":61,"column":0},"end":{"line":61,"column":64}},"62":{"start":{"line":63,"column":0},"end":{"line":63,"column":31}},"63":{"start":{"line":64,"column":0},"end":{"line":64,"column":80}},"64":{"start":{"line":65,"column":0},"end":{"line":65,"column":33}},"65":{"start":{"line":66,"column":0},"end":{"line":66,"column":14}},"66":{"start":{"line":67,"column":0},"end":{"line":67,"column":41}},"67":{"start":{"line":68,"column":0},"end":{"line":68,"column":6}},"68":{"start":{"line":69,"column":0},"end":{"line":69,"column":5}},"71":{"start":{"line":72,"column":0},"end":{"line":72,"column":34}},"72":{"start":{"line":73,"column":0},"end":{"line":73,"column":52}},"73":{"start":{"line":74,"column":0},"end":{"line":74,"column":35}},"76":{"start":{"line":77,"column":0},"end":{"line":77,"column":54}},"78":{"start":{"line":79,"column":0},"end":{"line":79,"column":24}},"79":{"start":{"line":80,"column":0},"end":{"line":80,"column":57}},"80":{"start":{"line":81,"column":0},"end":{"line":81,"column":32}},"81":{"start":{"line":82,"column":0},"end":{"line":82,"column":9}},"82":{"start":{"line":83,"column":0},"end":{"line":83,"column":41}},"83":{"start":{"line":84,"column":0},"end":{"line":84,"column":9}},"84":{"start":{"line":85,"column":0},"end":{"line":85,"column":8}},"86":{"start":{"line":87,"column":0},"end":{"line":87,"column":27}},"87":{"start":{"line":88,"column":0},"end":{"line":88,"column":6}},"88":{"start":{"line":89,"column":0},"end":{"line":89,"column":28}},"89":{"start":{"line":90,"column":0},"end":{"line":90,"column":47}},"90":{"start":{"line":91,"column":0},"end":{"line":91,"column":35}},"91":{"start":{"line":92,"column":0},"end":{"line":92,"column":5}},"92":{"start":{"line":93,"column":0},"end":{"line":93,"column":4}},"95":{"start":{"line":96,"column":0},"end":{"line":96,"column":35}},"96":{"start":{"line":97,"column":0},"end":{"line":97,"column":34}},"97":{"start":{"line":98,"column":0},"end":{"line":98,"column":51}},"98":{"start":{"line":99,"column":0},"end":{"line":99,"column":56}},"99":{"start":{"line":100,"column":0},"end":{"line":100,"column":55}},"100":{"start":{"line":101,"column":0},"end":{"line":101,"column":12}},"102":{"start":{"line":103,"column":0},"end":{"line":103,"column":25}},"103":{"start":{"line":104,"column":0},"end":{"line":104,"column":57}},"104":{"start":{"line":105,"column":0},"end":{"line":105,"column":32}},"105":{"start":{"line":106,"column":0},"end":{"line":106,"column":24}},"106":{"start":{"line":107,"column":0},"end":{"line":107,"column":16}},"107":{"start":{"line":108,"column":0},"end":{"line":108,"column":8}},"109":{"start":{"line":110,"column":0},"end":{"line":110,"column":22}},"110":{"start":{"line":111,"column":0},"end":{"line":111,"column":6}},"111":{"start":{"line":112,"column":0},"end":{"line":112,"column":34}},"112":{"start":{"line":113,"column":0},"end":{"line":113,"column":41}},"114":{"start":{"line":115,"column":0},"end":{"line":115,"column":20}},"115":{"start":{"line":116,"column":0},"end":{"line":116,"column":37}},"116":{"start":{"line":117,"column":0},"end":{"line":117,"column":7}},"118":{"start":{"line":119,"column":0},"end":{"line":119,"column":49}},"119":{"start":{"line":120,"column":0},"end":{"line":120,"column":48}},"120":{"start":{"line":121,"column":0},"end":{"line":121,"column":12}},"122":{"start":{"line":123,"column":0},"end":{"line":123,"column":25}},"123":{"start":{"line":124,"column":0},"end":{"line":124,"column":50}},"124":{"start":{"line":125,"column":0},"end":{"line":125,"column":25}},"125":{"start":{"line":126,"column":0},"end":{"line":126,"column":36}},"126":{"start":{"line":127,"column":0},"end":{"line":127,"column":17}},"127":{"start":{"line":128,"column":0},"end":{"line":128,"column":9}},"128":{"start":{"line":129,"column":0},"end":{"line":129,"column":31}},"129":{"start":{"line":130,"column":0},"end":{"line":130,"column":9}},"130":{"start":{"line":131,"column":0},"end":{"line":131,"column":8}},"133":{"start":{"line":134,"column":0},"end":{"line":134,"column":51}},"136":{"start":{"line":137,"column":0},"end":{"line":137,"column":81}},"137":{"start":{"line":138,"column":0},"end":{"line":138,"column":32}},"139":{"start":{"line":140,"column":0},"end":{"line":140,"column":74}},"141":{"start":{"line":142,"column":0},"end":{"line":142,"column":20}},"142":{"start":{"line":143,"column":0},"end":{"line":143,"column":85}},"143":{"start":{"line":144,"column":0},"end":{"line":144,"column":11}},"144":{"start":{"line":145,"column":0},"end":{"line":145,"column":28}},"145":{"start":{"line":146,"column":0},"end":{"line":146,"column":34}},"146":{"start":{"line":147,"column":0},"end":{"line":147,"column":18}},"147":{"start":{"line":148,"column":0},"end":{"line":148,"column":11}},"148":{"start":{"line":149,"column":0},"end":{"line":149,"column":10}},"151":{"start":{"line":152,"column":0},"end":{"line":152,"column":27}},"154":{"start":{"line":155,"column":0},"end":{"line":155,"column":30}},"155":{"start":{"line":156,"column":0},"end":{"line":156,"column":7}},"157":{"start":{"line":158,"column":0},"end":{"line":158,"column":35}},"158":{"start":{"line":159,"column":0},"end":{"line":159,"column":5}},"159":{"start":{"line":160,"column":0},"end":{"line":160,"column":4}},"161":{"start":{"line":162,"column":0},"end":{"line":162,"column":16}},"162":{"start":{"line":163,"column":0},"end":{"line":163,"column":1}},"167":{"start":{"line":168,"column":0},"end":{"line":168,"column":43}},"172":{"start":{"line":173,"column":0},"end":{"line":173,"column":56}},"173":{"start":{"line":174,"column":0},"end":{"line":174,"column":34}},"174":{"start":{"line":175,"column":0},"end":{"line":175,"column":81}},"177":{"start":{"line":178,"column":0},"end":{"line":178,"column":31}},"178":{"start":{"line":179,"column":0},"end":{"line":179,"column":83}},"179":{"start":{"line":180,"column":0},"end":{"line":180,"column":5}},"182":{"start":{"line":183,"column":0},"end":{"line":183,"column":42}},"183":{"start":{"line":184,"column":0},"end":{"line":184,"column":44}},"184":{"start":{"line":185,"column":0},"end":{"line":185,"column":5}},"186":{"start":{"line":187,"column":0},"end":{"line":187,"column":44}},"187":{"start":{"line":188,"column":0},"end":{"line":188,"column":46}},"188":{"start":{"line":189,"column":0},"end":{"line":189,"column":5}},"191":{"start":{"line":192,"column":0},"end":{"line":192,"column":41}},"192":{"start":{"line":193,"column":0},"end":{"line":193,"column":15}},"193":{"start":{"line":194,"column":0},"end":{"line":194,"column":73}},"194":{"start":{"line":195,"column":0},"end":{"line":195,"column":15}},"195":{"start":{"line":196,"column":0},"end":{"line":196,"column":65}},"196":{"start":{"line":197,"column":0},"end":{"line":197,"column":15}},"197":{"start":{"line":198,"column":0},"end":{"line":198,"column":32}},"198":{"start":{"line":199,"column":0},"end":{"line":199,"column":15}},"199":{"start":{"line":200,"column":0},"end":{"line":200,"column":55}},"200":{"start":{"line":201,"column":0},"end":{"line":201,"column":15}},"201":{"start":{"line":202,"column":0},"end":{"line":202,"column":60}},"202":{"start":{"line":203,"column":0},"end":{"line":203,"column":15}},"203":{"start":{"line":204,"column":0},"end":{"line":204,"column":15}},"204":{"start":{"line":205,"column":0},"end":{"line":205,"column":15}},"205":{"start":{"line":206,"column":0},"end":{"line":206,"column":15}},"206":{"start":{"line":207,"column":0},"end":{"line":207,"column":55}},"207":{"start":{"line":208,"column":0},"end":{"line":208,"column":14}},"208":{"start":{"line":209,"column":0},"end":{"line":209,"column":65}},"209":{"start":{"line":210,"column":0},"end":{"line":210,"column":5}},"210":{"start":{"line":211,"column":0},"end":{"line":211,"column":3}},"212":{"start":{"line":213,"column":0},"end":{"line":213,"column":31}},"213":{"start":{"line":214,"column":0},"end":{"line":214,"column":25}},"214":{"start":{"line":215,"column":0},"end":{"line":215,"column":3}},"216":{"start":{"line":217,"column":0},"end":{"line":217,"column":38}},"217":{"start":{"line":218,"column":0},"end":{"line":218,"column":1}}},"s":{"0":1,"16":1,"17":1,"18":1,"19":1,"20":1,"25":0,"26":0,"27":0,"28":0,"29":0,"31":0,"32":0,"33":0,"38":0,"40":0,"41":0,"42":0,"45":0,"46":0,"47":0,"52":0,"53":0,"54":0,"59":1,"60":1,"62":1,"63":1,"64":1,"65":1,"66":1,"67":1,"68":1,"71":1,"72":1,"73":0,"76":0,"78":0,"79":0,"80":0,"81":0,"82":0,"83":0,"84":0,"86":0,"87":0,"88":1,"89":0,"90":0,"91":0,"92":1,"95":1,"96":1,"97":0,"98":0,"99":0,"100":0,"102":0,"103":0,"104":0,"105":0,"106":0,"107":0,"109":0,"110":0,"111":1,"112":0,"114":0,"115":0,"116":0,"118":0,"119":0,"120":0,"122":0,"123":0,"124":0,"125":0,"126":0,"127":0,"128":0,"129":0,"130":0,"133":0,"136":0,"137":0,"139":0,"141":0,"142":0,"143":0,"144":0,"145":0,"146":0,"147":0,"148":0,"151":0,"154":0,"155":0,"157":0,"158":0,"159":1,"161":1,"162":1,"167":1,"172":1,"173":8,"174":6,"177":6,"178":1,"179":1,"182":6,"183":1,"184":1,"186":6,"187":0,"188":0,"191":4,"192":6,"193":1,"194":6,"195":1,"196":6,"197":0,"198":6,"199":0,"200":6,"201":1,"202":6,"203":6,"204":6,"205":6,"206":1,"207":6,"208":0,"209":6,"210":6,"212":8,"213":1,"214":1,"216":1,"217":1},"branchMap":{"0":{"type":"branch","line":60,"loc":{"start":{"line":60,"column":7},"end":{"line":163,"column":1}},"locations":[{"start":{"line":60,"column":7},"end":{"line":163,"column":1}}]},"1":{"type":"branch","line":173,"loc":{"start":{"line":173,"column":7},"end":{"line":218,"column":1}},"locations":[{"start":{"line":173,"column":7},"end":{"line":218,"column":1}}]},"2":{"type":"branch","line":174,"loc":{"start":{"line":174,"column":33},"end":{"line":211,"column":3}},"locations":[{"start":{"line":174,"column":33},"end":{"line":211,"column":3}}]},"3":{"type":"branch","line":178,"loc":{"start":{"line":178,"column":30},"end":{"line":180,"column":5}},"locations":[{"start":{"line":178,"column":30},"end":{"line":180,"column":5}}]},"4":{"type":"branch","line":180,"loc":{"start":{"line":180,"column":4},"end":{"line":183,"column":41}},"locations":[{"start":{"line":180,"column":4},"end":{"line":183,"column":41}}]},"5":{"type":"branch","line":183,"loc":{"start":{"line":183,"column":41},"end":{"line":185,"column":5}},"locations":[{"start":{"line":183,"column":41},"end":{"line":185,"column":5}}]},"6":{"type":"branch","line":185,"loc":{"start":{"line":185,"column":4},"end":{"line":187,"column":43}},"locations":[{"start":{"line":185,"column":4},"end":{"line":187,"column":43}}]},"7":{"type":"branch","line":187,"loc":{"start":{"line":187,"column":43},"end":{"line":189,"column":5}},"locations":[{"start":{"line":187,"column":43},"end":{"line":189,"column":5}}]},"8":{"type":"branch","line":189,"loc":{"start":{"line":189,"column":4},"end":{"line":192,"column":41}},"locations":[{"start":{"line":189,"column":4},"end":{"line":192,"column":41}}]},"9":{"type":"branch","line":193,"loc":{"start":{"line":193,"column":6},"end":{"line":194,"column":73}},"locations":[{"start":{"line":193,"column":6},"end":{"line":194,"column":73}}]},"10":{"type":"branch","line":195,"loc":{"start":{"line":195,"column":6},"end":{"line":196,"column":65}},"locations":[{"start":{"line":195,"column":6},"end":{"line":196,"column":65}}]},"11":{"type":"branch","line":197,"loc":{"start":{"line":197,"column":6},"end":{"line":198,"column":32}},"locations":[{"start":{"line":197,"column":6},"end":{"line":198,"column":32}}]},"12":{"type":"branch","line":199,"loc":{"start":{"line":199,"column":6},"end":{"line":200,"column":55}},"locations":[{"start":{"line":199,"column":6},"end":{"line":200,"column":55}}]},"13":{"type":"branch","line":201,"loc":{"start":{"line":201,"column":6},"end":{"line":202,"column":60}},"locations":[{"start":{"line":201,"column":6},"end":{"line":202,"column":60}}]},"14":{"type":"branch","line":203,"loc":{"start":{"line":203,"column":6},"end":{"line":203,"column":15}},"locations":[{"start":{"line":203,"column":6},"end":{"line":203,"column":15}}]},"15":{"type":"branch","line":204,"loc":{"start":{"line":204,"column":6},"end":{"line":204,"column":15}},"locations":[{"start":{"line":204,"column":6},"end":{"line":204,"column":15}}]},"16":{"type":"branch","line":205,"loc":{"start":{"line":205,"column":6},"end":{"line":205,"column":15}},"locations":[{"start":{"line":205,"column":6},"end":{"line":205,"column":15}}]},"17":{"type":"branch","line":206,"loc":{"start":{"line":206,"column":6},"end":{"line":207,"column":55}},"locations":[{"start":{"line":206,"column":6},"end":{"line":207,"column":55}}]},"18":{"type":"branch","line":208,"loc":{"start":{"line":208,"column":6},"end":{"line":209,"column":65}},"locations":[{"start":{"line":208,"column":6},"end":{"line":209,"column":65}}]},"19":{"type":"branch","line":211,"loc":{"start":{"line":211,"column":2},"end":{"line":213,"column":30}},"locations":[{"start":{"line":211,"column":2},"end":{"line":213,"column":30}}]},"20":{"type":"branch","line":213,"loc":{"start":{"line":213,"column":30},"end":{"line":218,"column":1}},"locations":[{"start":{"line":213,"column":30},"end":{"line":218,"column":1}}]}},"b":{"0":[1],"1":[8],"2":[6],"3":[1],"4":[5],"5":[1],"6":[4],"7":[0],"8":[4],"9":[1],"10":[1],"11":[0],"12":[0],"13":[1],"14":[1],"15":[1],"16":[1],"17":[1],"18":[0],"19":[2],"20":[1]},"fnMap":{"0":{"name":"calculateBackoff","decl":{"start":{"line":26,"column":0},"end":{"line":34,"column":1}},"loc":{"start":{"line":26,"column":0},"end":{"line":34,"column":1}},"line":26},"1":{"name":"isRetryableError","decl":{"start":{"line":39,"column":0},"end":{"line":48,"column":1}},"loc":{"start":{"line":39,"column":0},"end":{"line":48,"column":1}},"line":39},"2":{"name":"sleep","decl":{"start":{"line":53,"column":0},"end":{"line":55,"column":1}},"loc":{"start":{"line":53,"column":0},"end":{"line":55,"column":1}},"line":53},"3":{"name":"createApiClient","decl":{"start":{"line":60,"column":7},"end":{"line":163,"column":1}},"loc":{"start":{"line":60,"column":7},"end":{"line":163,"column":1}},"line":60},"4":{"name":"client.interceptors.response.use.config","decl":{"start":{"line":97,"column":4},"end":{"line":111,"column":6}},"loc":{"start":{"line":97,"column":4},"end":{"line":111,"column":6}},"line":97},"5":{"name":"handleApiError","decl":{"start":{"line":173,"column":7},"end":{"line":218,"column":1}},"loc":{"start":{"line":173,"column":7},"end":{"line":218,"column":1}},"line":173}},"f":{"0":0,"1":0,"2":0,"3":1,"4":0,"5":8}}
,"/home/user/batwoman/utils/logger.ts": {"path":"/home/user/batwoman/utils/logger.ts","all":false,"statementMap":{"5":{"start":{"line":6,"column":0},"end":{"line":6,"column":22}},"6":{"start":{"line":7,"column":0},"end":{"line":7,"column":18}},"7":{"start":{"line":8,"column":0},"end":{"line":8,"column":16}},"8":{"start":{"line":9,"column":0},"end":{"line":9,"column":16}},"9":{"start":{"line":10,"column":0},"end":{"line":10,"column":18}},"24":{"start":{"line":25,"column":0},"end":{"line":25,"column":14}},"25":{"start":{"line":26,"column":0},"end":{"line":26,"column":33}},"26":{"start":{"line":27,"column":0},"end":{"line":27,"column":33}},"28":{"start":{"line":29,"column":0},"end":{"line":29,"column":17}},"29":{"start":{"line":30,"column":0},"end":{"line":30,"column":64}},"30":{"start":{"line":31,"column":0},"end":{"line":31,"column":30}},"31":{"start":{"line":32,"column":0},"end":{"line":32,"column":3}},"36":{"start":{"line":37,"column":0},"end":{"line":37,"column":46}},"37":{"start":{"line":38,"column":0},"end":{"line":38,"column":57}},"38":{"start":{"line":39,"column":0},"end":{"line":39,"column":68}},"39":{"start":{"line":40,"column":0},"end":{"line":40,"column":77}},"40":{"start":{"line":41,"column":0},"end":{"line":41,"column":3}},"45":{"start":{"line":46,"column":0},"end":{"line":46,"column":51}},"48":{"start":{"line":49,"column":0},"end":{"line":49,"column":79}},"50":{"start":{"line":51,"column":0},"end":{"line":51,"column":5}},"51":{"start":{"line":52,"column":0},"end":{"line":52,"column":3}},"56":{"start":{"line":57,"column":0},"end":{"line":57,"column":92}},"57":{"start":{"line":58,"column":0},"end":{"line":58,"column":29}},"58":{"start":{"line":59,"column":0},"end":{"line":59,"column":12}},"59":{"start":{"line":60,"column":0},"end":{"line":60,"column":14}},"60":{"start":{"line":61,"column":0},"end":{"line":61,"column":42}},"61":{"start":{"line":62,"column":0},"end":{"line":62,"column":14}},"62":{"start":{"line":63,"column":0},"end":{"line":63,"column":12}},"63":{"start":{"line":64,"column":0},"end":{"line":64,"column":6}},"66":{"start":{"line":67,"column":0},"end":{"line":67,"column":29}},"67":{"start":{"line":68,"column":0},"end":{"line":68,"column":46}},"68":{"start":{"line":69,"column":0},"end":{"line":69,"column":22}},"69":{"start":{"line":70,"column":0},"end":{"line":70,"column":28}},"70":{"start":{"line":71,"column":0},"end":{"line":71,"column":48}},"71":{"start":{"line":72,"column":0},"end":{"line":72,"column":16}},"72":{"start":{"line":73,"column":0},"end":{"line":73,"column":27}},"73":{"start":{"line":74,"column":0},"end":{"line":74,"column":34}},"74":{"start":{"line":75,"column":0},"end":{"line":75,"column":16}},"75":{"start":{"line":76,"column":0},"end":{"line":76,"column":27}},"77":{"start":{"line":78,"column":0},"end":{"line":78,"column":34}},"78":{"start":{"line":79,"column":0},"end":{"line":79,"column":16}},"79":{"start":{"line":80,"column":0},"end":{"line":80,"column":28}},"81":{"start":{"line":82,"column":0},"end":{"line":82,"column":35}},"82":{"start":{"line":83,"column":0},"end":{"line":83,"column":37}},"83":{"start":{"line":84,"column":0},"end":{"line":84,"column":11}},"84":{"start":{"line":85,"column":0},"end":{"line":85,"column":16}},"85":{"start":{"line":86,"column":0},"end":{"line":86,"column":7}},"86":{"start":{"line":87,"column":0},"end":{"line":87,"column":5}},"89":{"start":{"line":90,"column":0},"end":{"line":90,"column":33}},"90":{"start":{"line":91,"column":0},"end":{"line":91,"column":3}},"95":{"start":{"line":96,"column":0},"end":{"line":96,"column":54}},"96":{"start":{"line":97,"column":0},"end":{"line":97,"column":47}},"97":{"start":{"line":98,"column":0},"end":{"line":98,"column":3}},"102":{"start":{"line":103,"column":0},"end":{"line":103,"column":53}},"103":{"start":{"line":104,"column":0},"end":{"line":104,"column":46}},"104":{"start":{"line":105,"column":0},"end":{"line":105,"column":3}},"109":{"start":{"line":110,"column":0},"end":{"line":110,"column":53}},"110":{"start":{"line":111,"column":0},"end":{"line":111,"column":46}},"111":{"start":{"line":112,"column":0},"end":{"line":112,"column":3}},"116":{"start":{"line":117,"column":0},"end":{"line":117,"column":69}},"117":{"start":{"line":118,"column":0},"end":{"line":118,"column":54}},"118":{"start":{"line":119,"column":0},"end":{"line":119,"column":3}},"123":{"start":{"line":124,"column":0},"end":{"line":124,"column":71}},"124":{"start":{"line":125,"column":0},"end":{"line":125,"column":84}},"125":{"start":{"line":126,"column":0},"end":{"line":126,"column":3}},"130":{"start":{"line":131,"column":0},"end":{"line":131,"column":106}},"131":{"start":{"line":132,"column":0},"end":{"line":132,"column":65}},"132":{"start":{"line":133,"column":0},"end":{"line":133,"column":13}},"133":{"start":{"line":134,"column":0},"end":{"line":134,"column":12}},"134":{"start":{"line":135,"column":0},"end":{"line":135,"column":67}},"135":{"start":{"line":136,"column":0},"end":{"line":136,"column":60}},"136":{"start":{"line":137,"column":0},"end":{"line":137,"column":6}},"137":{"start":{"line":138,"column":0},"end":{"line":138,"column":3}},"142":{"start":{"line":143,"column":0},"end":{"line":143,"column":58}},"143":{"start":{"line":144,"column":0},"end":{"line":144,"column":77}},"144":{"start":{"line":145,"column":0},"end":{"line":145,"column":3}},"149":{"start":{"line":150,"column":0},"end":{"line":150,"column":74}},"150":{"start":{"line":151,"column":0},"end":{"line":151,"column":105}},"151":{"start":{"line":152,"column":0},"end":{"line":152,"column":3}},"152":{"start":{"line":153,"column":0},"end":{"line":153,"column":1}},"155":{"start":{"line":156,"column":0},"end":{"line":156,"column":35}}},"s":{"5":1,"6":1,"7":1,"8":1,"9":1,"24":1,"25":11,"26":11,"28":11,"29":11,"30":11,"31":11,"36":11,"37":11,"38":11,"39":11,"40":11,"45":11,"48":11,"50":4,"51":11,"56":11,"57":11,"58":11,"59":11,"60":11,"61":11,"62":11,"63":11,"66":11,"67":11,"68":11,"69":11,"70":4,"71":4,"72":11,"73":1,"74":1,"75":11,"77":6,"78":6,"79":11,"81":0,"82":0,"83":0,"84":0,"85":11,"86":11,"89":11,"90":11,"95":11,"96":0,"97":0,"102":11,"103":5,"104":5,"109":11,"110":1,"111":1,"116":11,"117":4,"118":4,"123":11,"124":1,"125":1,"130":11,"131":1,"132":1,"133":1,"134":1,"135":1,"136":1,"137":1,"142":11,"143":1,"144":1,"149":11,"150":1,"151":1,"152":11,"155":1},"branchMap":{"0":{"type":"branch","line":6,"loc":{"start":{"line":6,"column":7},"end":{"line":6,"column":22}},"locations":[{"start":{"line":6,"column":7},"end":{"line":6,"column":22}}]},"1":{"type":"branch","line":25,"loc":{"start":{"line":25,"column":13},"end":{"line":153,"column":1}},"locations":[{"start":{"line":25,"column":13},"end":{"line":153,"column":1}}]},"2":{"type":"branch","line":29,"loc":{"start":{"line":29,"column":2},"end":{"line":32,"column":3}},"locations":[{"start":{"line":29,"column":2},"end":{"line":32,"column":3}}]},"3":{"type":"branch","line":37,"loc":{"start":{"line":37,"column":10},"end":{"line":41,"column":3}},"locations":[{"start":{"line":37,"column":10},"end":{"line":41,"column":3}}]},"4":{"type":"branch","line":39,"loc":{"start":{"line":39,"column":23},"end":{"line":39,"column":65}},"locations":[{"start":{"line":39,"column":23},"end":{"line":39,"column":65}}]},"5":{"type":"branch","line":39,"loc":{"start":{"line":39,"column":60},"end":{"line":39,"column":68}},"locations":[{"start":{"line":39,"column":60},"end":{"line":39,"column":68}}]},"6":{"type":"branch","line":46,"loc":{"start":{"line":46,"column":10},"end":{"line":52,"column":3}},"locations":[{"start":{"line":46,"column":10},"end":{"line":52,"column":3}}]},"7":{"type":"branch","line":49,"loc":{"start":{"line":49,"column":47},"end":{"line":49,"column":78}},"locations":[{"start":{"line":49,"column":47},"end":{"line":49,"column":78}}]},"8":{"type":"branch","line":49,"loc":{"start":{"line":49,"column":78},"end":{"line":51,"column":5}},"locations":[{"start":{"line":49,"column":78},"end":{"line":51,"column":5}}]},"9":{"type":"branch","line":57,"loc":{"start":{"line":57,"column":10},"end":{"line":91,"column":3}},"locations":[{"start":{"line":57,"column":10},"end":{"line":91,"column":3}}]},"10":{"type":"branch","line":70,"loc":{"start":{"line":70,"column":8},"end":{"line":72,"column":16}},"locations":[{"start":{"line":70,"column":8},"end":{"line":72,"column":16}}]},"11":{"type":"branch","line":71,"loc":{"start":{"line":71,"column":35},"end":{"line":71,"column":46}},"locations":[{"start":{"line":71,"column":35},"end":{"line":71,"column":46}}]},"12":{"type":"branch","line":73,"loc":{"start":{"line":73,"column":8},"end":{"line":75,"column":16}},"locations":[{"start":{"line":73,"column":8},"end":{"line":75,"column":16}}]},"13":{"type":"branch","line":76,"loc":{"start":{"line":76,"column":8},"end":{"line":79,"column":16}},"locations":[{"start":{"line":76,"column":8},"end":{"line":79,"column":16}}]},"14":{"type":"branch","line":80,"loc":{"start":{"line":80,"column":8},"end":{"line":85,"column":16}},"locations":[{"start":{"line":80,"column":8},"end":{"line":85,"column":16}}]},"15":{"type":"branch","line":103,"loc":{"start":{"line":103,"column":2},"end":{"line":105,"column":3}},"locations":[{"start":{"line":103,"column":2},"end":{"line":105,"column":3}}]},"16":{"type":"branch","line":110,"loc":{"start":{"line":110,"column":2},"end":{"line":112,"column":3}},"locations":[{"start":{"line":110,"column":2},"end":{"line":112,"column":3}}]},"17":{"type":"branch","line":117,"loc":{"start":{"line":117,"column":2},"end":{"line":119,"column":3}},"locations":[{"start":{"line":117,"column":2},"end":{"line":119,"column":3}}]},"18":{"type":"branch","line":124,"loc":{"start":{"line":124,"column":2},"end":{"line":126,"column":3}},"locations":[{"start":{"line":124,"column":2},"end":{"line":126,"column":3}}]},"19":{"type":"branch","line":131,"loc":{"start":{"line":131,"column":2},"end":{"line":138,"column":3}},"locations":[{"start":{"line":131,"column":2},"end":{"line":138,"column":3}}]},"20":{"type":"branch","line":132,"loc":{"start":{"line":132,"column":28},"end":{"line":132,"column":51}},"locations":[{"start":{"line":132,"column":28},"end":{"line":132,"column":51}}]},"21":{"type":"branch","line":143,"loc":{"start":{"line":143,"column":2},"end":{"line":145,"column":3}},"locations":[{"start":{"line":143,"column":2},"end":{"line":145,"column":3}}]},"22":{"type":"branch","line":150,"loc":{"start":{"line":150,"column":2},"end":{"line":152,"column":3}},"locations":[{"start":{"line":150,"column":2},"end":{"line":152,"column":3}}]}},"b":{"0":[3],"1":[11],"2":[11],"3":[11],"4":[8],"5":[3],"6":[11],"7":[4],"8":[4],"9":[11],"10":[4],"11":[0],"12":[1],"13":[6],"14":[0],"15":[5],"16":[1],"17":[4],"18":[1],"19":[1],"20":[0],"21":[1],"22":[1]},"fnMap":{"0":{"name":"<instance_members_initializer>","decl":{"start":{"line":25,"column":13},"end":{"line":153,"column":1}},"loc":{"start":{"line":25,"column":13},"end":{"line":153,"column":1}},"line":25},"1":{"name":"Logger","decl":{"start":{"line":29,"column":2},"end":{"line":32,"column":3}},"loc":{"start":{"line":29,"column":2},"end":{"line":32,"column":3}},"line":29},"2":{"name":"formatLog","decl":{"start":{"line":37,"column":10},"end":{"line":41,"column":3}},"loc":{"start":{"line":37,"column":10},"end":{"line":41,"column":3}},"line":37},"3":{"name":"sendToMonitoring","decl":{"start":{"line":46,"column":10},"end":{"line":52,"column":3}},"loc":{"start":{"line":46,"column":10},"end":{"line":52,"column":3}},"line":46},"4":{"name":"log","decl":{"start":{"line":57,"column":10},"end":{"line":91,"column":3}},"loc":{"start":{"line":57,"column":10},"end":{"line":91,"column":3}},"line":57},"5":{"name":"debug","decl":{"start":{"line":96,"column":2},"end":{"line":98,"column":3}},"loc":{"start":{"line":96,"column":2},"end":{"line":98,"column":3}},"line":96},"6":{"name":"info","decl":{"start":{"line":103,"column":2},"end":{"line":105,"column":3}},"loc":{"start":{"line":103,"column":2},"end":{"line":105,"column":3}},"line":103},"7":{"name":"warn","decl":{"start":{"line":110,"column":2},"end":{"line":112,"column":3}},"loc":{"start":{"line":110,"column":2},"end":{"line":112,"column":3}},"line":110},"8":{"name":"error","decl":{"start":{"line":117,"column":2},"end":{"line":119,"column":3}},"loc":{"start":{"line":117,"column":2},"end":{"line":119,"column":3}},"line":117},"9":{"name":"apiRequest","decl":{"start":{"line":124,"column":2},"end":{"line":126,"column":3}},"loc":{"start":{"line":124,"column":2},"end":{"line":126,"column":3}},"line":124},"10":{"name":"apiResponse","decl":{"start":{"line":131,"column":2},"end":{"line":138,"column":3}},"loc":{"start":{"line":131,"column":2},"end":{"line":138,"column":3}},"line":131},"11":{"name":"userAction","decl":{"start":{"line":143,"column":2},"end":{"line":145,"column":3}},"loc":{"start":{"line":143,"column":2},"end":{"line":145,"column":3}},"line":143},"12":{"name":"performance","decl":{"start":{"line":150,"column":2},"end":{"line":152,"column":3}},"loc":{"start":{"line":150,"column":2},"end":{"line":152,"column":3}},"line":150}},"f":{"0":11,"1":11,"2":11,"3":11,"4":11,"5":0,"6":5,"7":1,"8":4,"9":1,"10":1,"11":1,"12":1}}
}
