TN:
SF:utils/apiClient.ts
FN:26,calculateBackoff
FN:39,isRetryableError
FN:53,sleep
FN:60,createApiClient
FN:97,client.interceptors.response.use.config
FN:173,handleApiError
FNF:6
FNH:2
FNDA:0,calculateBackoff
FNDA:0,isRetryableError
FNDA:0,sleep
FNDA:1,createApiClient
FNDA:0,client.interceptors.response.use.config
FNDA:8,handleApiError
DA:1,1
DA:17,1
DA:18,1
DA:19,1
DA:20,1
DA:21,1
DA:26,0
DA:27,0
DA:28,0
DA:29,0
DA:30,0
DA:32,0
DA:33,0
DA:34,0
DA:39,0
DA:41,0
DA:42,0
DA:43,0
DA:46,0
DA:47,0
DA:48,0
DA:53,0
DA:54,0
DA:55,0
DA:60,1
DA:61,1
DA:63,1
DA:64,1
DA:65,1
DA:66,1
DA:67,1
DA:68,1
DA:69,1
DA:72,1
DA:73,1
DA:74,0
DA:77,0
DA:79,0
DA:80,0
DA:81,0
DA:82,0
DA:83,0
DA:84,0
DA:85,0
DA:87,0
DA:88,0
DA:89,1
DA:90,0
DA:91,0
DA:92,0
DA:93,1
DA:96,1
DA:97,1
DA:98,0
DA:99,0
DA:100,0
DA:101,0
DA:103,0
DA:104,0
DA:105,0
DA:106,0
DA:107,0
DA:108,0
DA:110,0
DA:111,0
DA:112,1
DA:113,0
DA:115,0
DA:116,0
DA:117,0
DA:119,0
DA:120,0
DA:121,0
DA:123,0
DA:124,0
DA:125,0
DA:126,0
DA:127,0
DA:128,0
DA:129,0
DA:130,0
DA:131,0
DA:134,0
DA:137,0
DA:138,0
DA:140,0
DA:142,0
DA:143,0
DA:144,0
DA:145,0
DA:146,0
DA:147,0
DA:148,0
DA:149,0
DA:152,0
DA:155,0
DA:156,0
DA:158,0
DA:159,0
DA:160,1
DA:162,1
DA:163,1
DA:168,1
DA:173,1
DA:174,8
DA:175,6
DA:178,6
DA:179,1
DA:180,1
DA:183,6
DA:184,1
DA:185,1
DA:187,6
DA:188,0
DA:189,0
DA:192,4
DA:193,6
DA:194,1
DA:195,6
DA:196,1
DA:197,6
DA:198,0
DA:199,6
DA:200,0
DA:201,6
DA:202,1
DA:203,6
DA:204,6
DA:205,6
DA:206,6
DA:207,1
DA:208,6
DA:209,0
DA:210,6
DA:211,6
DA:213,8
DA:214,1
DA:215,1
DA:217,1
DA:218,1
LF:140
LH:58
BRDA:60,0,0,1
BRDA:173,1,0,8
BRDA:174,2,0,6
BRDA:178,3,0,1
BRDA:180,4,0,5
BRDA:183,5,0,1
BRDA:185,6,0,4
BRDA:187,7,0,0
BRDA:189,8,0,4
BRDA:193,9,0,1
BRDA:195,10,0,1
BRDA:197,11,0,0
BRDA:199,12,0,0
BRDA:201,13,0,1
BRDA:203,14,0,1
BRDA:204,15,0,1
BRDA:205,16,0,1
BRDA:206,17,0,1
BRDA:208,18,0,0
BRDA:211,19,0,2
BRDA:213,20,0,1
BRF:21
BRH:17
end_of_record
TN:
SF:utils/logger.ts
FN:25,<instance_members_initializer>
FN:29,Logger
FN:37,formatLog
FN:46,sendToMonitoring
FN:57,log
FN:96,debug
FN:103,info
FN:110,warn
FN:117,error
FN:124,apiRequest
FN:131,apiResponse
FN:143,userAction
FN:150,performance
FNF:13
FNH:12
FNDA:11,<instance_members_initializer>
FNDA:11,Logger
FNDA:11,formatLog
FNDA:11,sendToMonitoring
FNDA:11,log
FNDA:0,debug
FNDA:5,info
FNDA:1,warn
FNDA:4,error
FNDA:1,apiRequest
FNDA:1,apiResponse
FNDA:1,userAction
FNDA:1,performance
DA:6,1
DA:7,1
DA:8,1
DA:9,1
DA:10,1
DA:25,1
DA:26,11
DA:27,11
DA:29,11
DA:30,11
DA:31,11
DA:32,11
DA:37,11
DA:38,11
DA:39,11
DA:40,11
DA:41,11
DA:46,11
DA:49,11
DA:51,4
DA:52,11
DA:57,11
DA:58,11
DA:59,11
DA:60,11
DA:61,11
DA:62,11
DA:63,11
DA:64,11
DA:67,11
DA:68,11
DA:69,11
DA:70,11
DA:71,4
DA:72,4
DA:73,11
DA:74,1
DA:75,1
DA:76,11
DA:78,6
DA:79,6
DA:80,11
DA:82,0
DA:83,0
DA:84,0
DA:85,0
DA:86,11
DA:87,11
DA:90,11
DA:91,11
DA:96,11
DA:97,0
DA:98,0
DA:103,11
DA:104,5
DA:105,5
DA:110,11
DA:111,1
DA:112,1
DA:117,11
DA:118,4
DA:119,4
DA:124,11
DA:125,1
DA:126,1
DA:131,11
DA:132,1
DA:133,1
DA:134,1
DA:135,1
DA:136,1
DA:137,1
DA:138,1
DA:143,11
DA:144,1
DA:145,1
DA:150,11
DA:151,1
DA:152,1
DA:153,11
DA:156,1
LF:81
LH:75
BRDA:6,0,0,3
BRDA:25,1,0,11
BRDA:29,2,0,11
BRDA:37,3,0,11
BRDA:39,4,0,8
BRDA:39,5,0,3
BRDA:46,6,0,11
BRDA:49,7,0,4
BRDA:49,8,0,4
BRDA:57,9,0,11
BRDA:70,10,0,4
BRDA:71,11,0,0
BRDA:73,12,0,1
BRDA:76,13,0,6
BRDA:80,14,0,0
BRDA:103,15,0,5
BRDA:110,16,0,1
BRDA:117,17,0,4
BRDA:124,18,0,1
BRDA:131,19,0,1
BRDA:132,20,0,0
BRDA:143,21,0,1
BRDA:150,22,0,1
BRF:23
BRH:20
end_of_record
